0
starting imports
finished imports
False
/depot-new/cms/top/mcnama20/TopSpinCorr-Run2-Entanglement/CMSSW_10_2_22/src/TopAnalysis/Configuration/analysis/diLeptonic/three_files/Nominal/mumu_modified_root_1.root
['lb_delta_eta', 'lbbar_delta_eta', 'lnu_delta_eta', 'lnubar_delta_eta', 'lbarb_delta_eta', 'lbarbbar_delta_eta', 'lbarnu_delta_eta', 'lbarnubar_delta_eta', 'bnu_delta_eta', 'bnubar_delta_eta', 'bbarnu_delta_eta', 'bbarnubar_delta_eta', 'lb_delta_phi', 'lbbar_delta_phi', 'lnu_delta_phi', 'lnubar_delta_phi', 'lbarb_delta_phi', 'lbarbbar_delta_phi', 'lbarnu_delta_phi', 'lbarnubar_delta_phi', 'bnu_delta_phi', 'bnubar_delta_phi', 'bbarnu_delta_phi', 'bbarnubar_delta_phi', 'wplusb_delta_eta', 'wplusbbar_delta_eta', 'wminusb_delta_eta', 'wminusbbar_delta_eta', 'wplusb_delta_phi', 'wplusbbar_delta_phi', 'wminusb_delta_phi', 'wminusbbar_delta_phi', 'top_eta', 'top_boosted_eta', 'tbar_eta', 'tbar_boosted_eta', 'ttbar_delta_eta', 'ttbar_eta', 'llbar_delta_eta', 'bbbar_delta_eta', 'nunubar_delta_eta', 'top_phi', 'tbar_phi', 'ttbar_phi', 'ttbar_delta_phi', 'llbar_phi', 'llbar_delta_phi', 'bbbar_phi', 'bbbar_delta_phi', 'nunubar_phi', 'nunubar_delta_phi', 'l_eta', 'lbar_eta', 'l_phi', 'lbar_phi', 'b_eta', 'bbar_eta', 'b_phi', 'bbar_phi', 'nu_eta', 'nubar_eta', 'nu_phi', 'nubar_phi', 'wplus_eta', 'wminus_eta', 'wplus_phi', 'wminus_phi', 'top_pt', 'tbar_pt', 'l_pt', 'b_pt', 'bbar_pt', 'nu_pt', 'nubar_pt', 'met_pt', 'ttbar_pt', 'ttbar_boosted_pt', 'wplus_pt', 'wminus_pt', 'ttbar_mass', 'production_mode', 'eventWeight', '__index__']
num qqbar = 12230
training (29718, 83)
evaluating (6972, 83)
done
['lb_delta_eta', 'lbbar_delta_eta', 'lnu_delta_eta', 'lnubar_delta_eta', 'lbarb_delta_eta', 'lbarbbar_delta_eta', 'lbarnu_delta_eta', 'lbarnubar_delta_eta', 'bnu_delta_eta', 'bnubar_delta_eta', 'bbarnu_delta_eta', 'bbarnubar_delta_eta', 'lb_delta_phi', 'lbbar_delta_phi', 'lnu_delta_phi', 'lnubar_delta_phi', 'lbarb_delta_phi', 'lbarbbar_delta_phi', 'lbarnu_delta_phi', 'lbarnubar_delta_phi', 'bnu_delta_phi', 'bnubar_delta_phi', 'bbarnu_delta_phi', 'bbarnubar_delta_phi', 'wplusb_delta_eta', 'wplusbbar_delta_eta', 'wminusb_delta_eta', 'wminusbbar_delta_eta', 'wplusb_delta_phi', 'wplusbbar_delta_phi', 'wminusb_delta_phi', 'wminusbbar_delta_phi', 'top_eta', 'top_boosted_eta', 'tbar_eta', 'tbar_boosted_eta', 'ttbar_delta_eta', 'ttbar_eta', 'llbar_delta_eta', 'bbbar_delta_eta', 'nunubar_delta_eta', 'top_phi', 'tbar_phi', 'ttbar_phi', 'ttbar_delta_phi', 'llbar_phi', 'llbar_delta_phi', 'bbbar_phi', 'bbbar_delta_phi', 'nunubar_phi', 'nunubar_delta_phi', 'l_eta', 'lbar_eta', 'l_phi', 'lbar_phi', 'b_eta', 'bbar_eta', 'b_phi', 'bbar_phi', 'nu_eta', 'nubar_eta', 'nu_phi', 'nubar_phi', 'wplus_eta', 'wminus_eta', 'wplus_phi', 'wminus_phi', 'top_pt', 'tbar_pt', 'l_pt', 'b_pt', 'bbar_pt', 'nu_pt', 'nubar_pt', 'met_pt', 'ttbar_pt', 'ttbar_boosted_pt', 'wplus_pt', 'wminus_pt', 'ttbar_mass', 'production_mode', 'eventWeight', '__index__']
num qqbar = 12230
training (29718, 83)
evaluating (6972, 83)
loss is 3170.6597
val loss = tensor(4706.8955, grad_fn=<DotBackward>)
new smallest loss is tensor(4706.8955, grad_fn=<DotBackward>)
[2K/home/mcnama20/.conda/envs/cent7/5.1.0-py36/GANS_7/lib/python3.6/site-packages/torch/nn/_reduction.py:44: UserWarning: size_average and reduce args will be deprecated, please use reduction='none' instead.
  warnings.warn(warning.format(ret))
qt.qpa.xcb: could not connect to display 128.211.149.174:10.0
qt.qpa.plugin: Could not load the Qt platform plugin "xcb" in "" even though it was found.
This application failed to start because no Qt platform plugin could be initialized. Reinstalling the application may fix this problem.

Available platform plugins are: eglfs, minimal, minimalegl, offscreen, vnc, webgl, xcb.

/var/spool/slurm/job92572/slurm_script: line 14: 51433 Aborted                 python two_layer_classifier_with_weights-mumu.py 0
